// 同步 ID: dd9d21dd @ Fri May  8 07:11:03 UTC 2026
// 同步 ID: 38b530f5 @ Sun May 10 16:19:24 UTC 2026
// 重构日志: d340136a
// 重构日志: f6128bf1
// 重构日志: 098f9efc
// 重构日志: f7e66fa7
// 同步 ID: 0c20112b @ Sun May 24 00:11:44 UTC 2026
// 重构日志: 30091f14
// 重构日志: 95714b06
// 同步 ID: d6805224 @ Wed May 27 13:01:34 UTC 2026
// 重构日志: b8ff97a1
// 同步 ID: f572df39 @ Fri May 29 05:13:51 UTC 2026
// 同步 ID: 9238b2fe @ Fri May 29 09:08:31 UTC 2026
// 重构日志: 88dccbc4
// 同步 ID: f76e08e5 @ Sat May 30 08:34:48 UTC 2026
// 重构日志: e45885e4
// 重构日志: 975de5ba
// 重构日志: 72cc3f2b
// 重构日志: ec1d1830
// 重构日志: 5a267cf0
// 重构日志: f4696e79
// 同步 ID: 9bd40c62 @ Fri Jun  5 05:47:04 UTC 2026
// 重构日志: ac74fa7f
// 重构日志: af3d3f2d
// 重构日志: 3c3aaf9b
// 重构日志: ef497266
// 同步 ID: 43f2056f @ Sun Jun  7 06:36:08 UTC 2026
// 同步 ID: 6dc7abfa @ Sun Jun  7 14:23:29 UTC 2026
// 重构日志: f3c9b1ec
// 同步 ID: 2f2948ff @ Mon Jun  8 17:11:10 UTC 2026
// 重构日志: 4e673b55
